<?xml version="1.0" encoding="UTF-8"?>
<!-- Generated by org.testng.reporters.JUnitReportReporter -->
<testsuite hostname="LIN66008841" failures="0" tests="2" name="testCases.TC_001_LoginTest" time="1.470" errors="0" timestamp="2024-07-02T11:39:37 IST" skipped="0">
  <testcase classname="testCases.TC_001_LoginTest" name="verify_Login" time="0.941"/>
  <testcase classname="testCases.TC_001_LoginTest" name="verify_products" time="0.529"/>
</testsuite> <!-- testCases.TC_001_LoginTest -->
