<?xml version="1.0" encoding="UTF-8"?>
<!-- Generated by org.testng.reporters.JUnitReportReporter -->
<testsuite hostname="LIN66008841" failures="0" tests="3" name="testCases.T003_LoginDDT" time="7.233" errors="0" timestamp="2024-07-03T15:09:29 IST" skipped="0">
  <testcase classname="testCases.T003_LoginDDT" name="verify_loginDDT" time="3.325"/>
  <testcase classname="testCases.T003_LoginDDT" name="verify_loginDDT" time="0.650"/>
  <testcase classname="testCases.T003_LoginDDT" name="verify_loginDDT" time="3.258"/>
</testsuite> <!-- testCases.T003_LoginDDT -->
